01:47:56.528 [main] INFO  n.e.journalApp.JournalApplication - Starting JournalApplication using Java 24 on Krishna with PID 22400 (C:\Users\krish\OneDrive\Desktop\journalApp\target\classes started by krish in C:\Users\krish\OneDrive\Desktop\journalApp)
01:47:56.530 [main] INFO  n.e.journalApp.JournalApplication - The following 1 profile is active: "prod"
01:47:57.018 [main] INFO  o.s.d.r.c.RepositoryConfigurationDelegate - Bootstrapping Spring Data MongoDB repositories in DEFAULT mode.
01:47:57.067 [main] INFO  o.s.d.r.c.RepositoryConfigurationDelegate - Finished Spring Data repository scanning in 45 ms. Found 2 MongoDB repository interfaces.
01:47:57.534 [main] INFO  o.s.b.w.e.tomcat.TomcatWebServer - Tomcat initialized with port(s): 8081 (http)
01:47:57.539 [main] INFO  o.a.coyote.http11.Http11NioProtocol - Initializing ProtocolHandler ["http-nio-8081"]
01:47:57.541 [main] INFO  o.a.catalina.core.StandardService - Starting service [Tomcat]
01:47:57.541 [main] INFO  o.a.catalina.core.StandardEngine - Starting Servlet engine: [Apache Tomcat/9.0.80]
01:47:57.620 [main] INFO  o.a.c.c.C.[.[localhost].[/journal] - Initializing Spring embedded WebApplicationContext
01:47:57.620 [main] INFO  o.s.b.w.s.c.ServletWebServerApplicationContext - Root WebApplicationContext: initialization completed in 1034 ms
01:47:57.917 [main] INFO  org.mongodb.driver.client - MongoClient with metadata {"driver": {"name": "mongo-java-driver|sync|spring-boot", "version": "4.6.1"}, "os": {"type": "Windows", "name": "Windows 11", "architecture": "amd64", "version": "10.0"}, "platform": "Java/Oracle Corporation/24+36-3646", "application": {"name": "Cluster0"}} created with settings MongoClientSettings{readPreference=primary, writeConcern=WriteConcern{w=majority, wTimeout=null ms, journal=null}, retryWrites=true, retryReads=true, readConcern=ReadConcern{level=null}, credential=MongoCredential{mechanism=null, userName='mekrishnamandal', source='admin', password=<hidden>, mechanismProperties=<hidden>}, streamFactoryFactory=null, commandListeners=[], codecRegistry=ProvidersCodecRegistry{codecProviders=[ValueCodecProvider{}, BsonValueCodecProvider{}, DBRefCodecProvider{}, DBObjectCodecProvider{}, DocumentCodecProvider{}, IterableCodecProvider{}, MapCodecProvider{}, GeoJsonCodecProvider{}, GridFSFileCodecProvider{}, Jsr310CodecProvider{}, JsonObjectCodecProvider{}, BsonCodecProvider{}, EnumCodecProvider{}, com.mongodb.Jep395RecordCodecProvider@6968c1d6]}, clusterSettings={hosts=[127.0.0.1:27017], srvHost=cluster0.ekudnka.mongodb.net, srvServiceName=mongodb, mode=MULTIPLE, requiredClusterType=REPLICA_SET, requiredReplicaSetName='atlas-vj3qvy-shard-0', serverSelector='null', clusterListeners='[]', serverSelectionTimeout='30000 ms', localThreshold='30000 ms'}, socketSettings=SocketSettings{connectTimeoutMS=10000, readTimeoutMS=0, receiveBufferSize=0, sendBufferSize=0}, heartbeatSocketSettings=SocketSettings{connectTimeoutMS=10000, readTimeoutMS=10000, receiveBufferSize=0, sendBufferSize=0}, connectionPoolSettings=ConnectionPoolSettings{maxSize=100, minSize=0, maxWaitTimeMS=120000, maxConnectionLifeTimeMS=0, maxConnectionIdleTimeMS=0, maintenanceInitialDelayMS=0, maintenanceFrequencyMS=60000, connectionPoolListeners=[], maxConnecting=2}, serverSettings=ServerSettings{heartbeatFrequencyMS=10000, minHeartbeatFrequencyMS=500, serverListeners='[]', serverMonitorListeners='[]'}, sslSettings=SslSettings{enabled=true, invalidHostNameAllowed=false, context=null}, applicationName='Cluster0', compressorList=[], uuidRepresentation=JAVA_LEGACY, serverApi=null, autoEncryptionSettings=null, contextProvider=null}
01:47:58.088 [cluster-ClusterId{value='688bcf751a08244152d8aa80', description='null'}-srv-cluster0.ekudnka.mongodb.net] INFO  org.mongodb.driver.cluster - Adding discovered server ac-h0lbzck-shard-00-00.ekudnka.mongodb.net:27017 to client view of cluster
01:47:58.110 [cluster-ClusterId{value='688bcf751a08244152d8aa80', description='null'}-srv-cluster0.ekudnka.mongodb.net] INFO  org.mongodb.driver.cluster - Adding discovered server ac-h0lbzck-shard-00-01.ekudnka.mongodb.net:27017 to client view of cluster
01:47:58.111 [cluster-ClusterId{value='688bcf751a08244152d8aa80', description='null'}-srv-cluster0.ekudnka.mongodb.net] INFO  org.mongodb.driver.cluster - Adding discovered server ac-h0lbzck-shard-00-02.ekudnka.mongodb.net:27017 to client view of cluster
01:47:58.162 [main] INFO  org.mongodb.driver.cluster - No server chosen by com.mongodb.client.internal.MongoClientDelegate$1@4f3e9fbb from cluster description ClusterDescription{type=REPLICA_SET, connectionMode=MULTIPLE, serverDescriptions=[ServerDescription{address=ac-h0lbzck-shard-00-02.ekudnka.mongodb.net:27017, type=UNKNOWN, state=CONNECTING}, ServerDescription{address=ac-h0lbzck-shard-00-00.ekudnka.mongodb.net:27017, type=UNKNOWN, state=CONNECTING}, ServerDescription{address=ac-h0lbzck-shard-00-01.ekudnka.mongodb.net:27017, type=UNKNOWN, state=CONNECTING}]}. Waiting for 30000 ms before timing out
01:47:58.838 [cluster-rtt-ClusterId{value='688bcf751a08244152d8aa80', description='null'}-ac-h0lbzck-shard-00-00.ekudnka.mongodb.net:27017] INFO  org.mongodb.driver.connection - Opened connection [connectionId{localValue:4, serverValue:28531}] to ac-h0lbzck-shard-00-00.ekudnka.mongodb.net:27017
01:47:58.838 [cluster-ClusterId{value='688bcf751a08244152d8aa80', description='null'}-ac-h0lbzck-shard-00-00.ekudnka.mongodb.net:27017] INFO  org.mongodb.driver.connection - Opened connection [connectionId{localValue:1, serverValue:28531}] to ac-h0lbzck-shard-00-00.ekudnka.mongodb.net:27017
01:47:58.838 [cluster-rtt-ClusterId{value='688bcf751a08244152d8aa80', description='null'}-ac-h0lbzck-shard-00-02.ekudnka.mongodb.net:27017] INFO  org.mongodb.driver.connection - Opened connection [connectionId{localValue:5, serverValue:30040}] to ac-h0lbzck-shard-00-02.ekudnka.mongodb.net:27017
01:47:58.838 [cluster-ClusterId{value='688bcf751a08244152d8aa80', description='null'}-ac-h0lbzck-shard-00-01.ekudnka.mongodb.net:27017] INFO  org.mongodb.driver.connection - Opened connection [connectionId{localValue:2, serverValue:28343}] to ac-h0lbzck-shard-00-01.ekudnka.mongodb.net:27017
01:47:58.838 [cluster-rtt-ClusterId{value='688bcf751a08244152d8aa80', description='null'}-ac-h0lbzck-shard-00-01.ekudnka.mongodb.net:27017] INFO  org.mongodb.driver.connection - Opened connection [connectionId{localValue:6, serverValue:28343}] to ac-h0lbzck-shard-00-01.ekudnka.mongodb.net:27017
01:47:58.838 [cluster-ClusterId{value='688bcf751a08244152d8aa80', description='null'}-ac-h0lbzck-shard-00-02.ekudnka.mongodb.net:27017] INFO  org.mongodb.driver.connection - Opened connection [connectionId{localValue:3, serverValue:30040}] to ac-h0lbzck-shard-00-02.ekudnka.mongodb.net:27017
01:47:58.839 [cluster-ClusterId{value='688bcf751a08244152d8aa80', description='null'}-ac-h0lbzck-shard-00-01.ekudnka.mongodb.net:27017] INFO  org.mongodb.driver.cluster - Monitor thread successfully connected to server with description ServerDescription{address=ac-h0lbzck-shard-00-01.ekudnka.mongodb.net:27017, type=REPLICA_SET_SECONDARY, state=CONNECTED, ok=true, minWireVersion=0, maxWireVersion=25, maxDocumentSize=16777216, logicalSessionTimeoutMinutes=30, roundTripTimeNanos=333061000, setName='atlas-vj3qvy-shard-0', canonicalAddress=ac-h0lbzck-shard-00-01.ekudnka.mongodb.net:27017, hosts=[ac-h0lbzck-shard-00-00.ekudnka.mongodb.net:27017, ac-h0lbzck-shard-00-02.ekudnka.mongodb.net:27017, ac-h0lbzck-shard-00-01.ekudnka.mongodb.net:27017], passives=[], arbiters=[], primary='ac-h0lbzck-shard-00-02.ekudnka.mongodb.net:27017', tagSet=TagSet{[Tag{name='availabilityZone', value='aps1-az3'}, Tag{name='diskState', value='READY'}, Tag{name='nodeType', value='ELECTABLE'}, Tag{name='provider', value='AWS'}, Tag{name='region', value='AP_SOUTH_1'}, Tag{name='workloadType', value='OPERATIONAL'}]}, electionId=null, setVersion=1, topologyVersion=TopologyVersion{processId=688a34a9564b2a6c6352a411, counter=3}, lastWriteDate=Fri Aug 01 01:47:57 IST 2025, lastUpdateTimeNanos=202500159439500}
01:47:58.839 [cluster-ClusterId{value='688bcf751a08244152d8aa80', description='null'}-ac-h0lbzck-shard-00-02.ekudnka.mongodb.net:27017] INFO  org.mongodb.driver.cluster - Monitor thread successfully connected to server with description ServerDescription{address=ac-h0lbzck-shard-00-02.ekudnka.mongodb.net:27017, type=REPLICA_SET_PRIMARY, state=CONNECTED, ok=true, minWireVersion=0, maxWireVersion=25, maxDocumentSize=16777216, logicalSessionTimeoutMinutes=30, roundTripTimeNanos=330507800, setName='atlas-vj3qvy-shard-0', canonicalAddress=ac-h0lbzck-shard-00-02.ekudnka.mongodb.net:27017, hosts=[ac-h0lbzck-shard-00-00.ekudnka.mongodb.net:27017, ac-h0lbzck-shard-00-02.ekudnka.mongodb.net:27017, ac-h0lbzck-shard-00-01.ekudnka.mongodb.net:27017], passives=[], arbiters=[], primary='ac-h0lbzck-shard-00-02.ekudnka.mongodb.net:27017', tagSet=TagSet{[Tag{name='availabilityZone', value='aps1-az2'}, Tag{name='diskState', value='READY'}, Tag{name='nodeType', value='ELECTABLE'}, Tag{name='provider', value='AWS'}, Tag{name='region', value='AP_SOUTH_1'}, Tag{name='workloadType', value='OPERATIONAL'}]}, electionId=7fffffff0000000000000004, setVersion=1, topologyVersion=TopologyVersion{processId=688a34734652c52c2ec50a6f, counter=6}, lastWriteDate=Fri Aug 01 01:47:57 IST 2025, lastUpdateTimeNanos=202500159439600}
01:47:58.839 [cluster-ClusterId{value='688bcf751a08244152d8aa80', description='null'}-ac-h0lbzck-shard-00-00.ekudnka.mongodb.net:27017] INFO  org.mongodb.driver.cluster - Monitor thread successfully connected to server with description ServerDescription{address=ac-h0lbzck-shard-00-00.ekudnka.mongodb.net:27017, type=REPLICA_SET_SECONDARY, state=CONNECTED, ok=true, minWireVersion=0, maxWireVersion=25, maxDocumentSize=16777216, logicalSessionTimeoutMinutes=30, roundTripTimeNanos=329415000, setName='atlas-vj3qvy-shard-0', canonicalAddress=ac-h0lbzck-shard-00-00.ekudnka.mongodb.net:27017, hosts=[ac-h0lbzck-shard-00-00.ekudnka.mongodb.net:27017, ac-h0lbzck-shard-00-02.ekudnka.mongodb.net:27017, ac-h0lbzck-shard-00-01.ekudnka.mongodb.net:27017], passives=[], arbiters=[], primary='ac-h0lbzck-shard-00-02.ekudnka.mongodb.net:27017', tagSet=TagSet{[Tag{name='availabilityZone', value='aps1-az1'}, Tag{name='diskState', value='READY'}, Tag{name='nodeType', value='ELECTABLE'}, Tag{name='provider', value='AWS'}, Tag{name='region', value='AP_SOUTH_1'}, Tag{name='workloadType', value='OPERATIONAL'}]}, electionId=null, setVersion=1, topologyVersion=TopologyVersion{processId=688a343e9e8d50aa3bef0ccd, counter=4}, lastWriteDate=Fri Aug 01 01:47:57 IST 2025, lastUpdateTimeNanos=202500159439700}
01:47:58.841 [cluster-ClusterId{value='688bcf751a08244152d8aa80', description='null'}-ac-h0lbzck-shard-00-02.ekudnka.mongodb.net:27017] INFO  org.mongodb.driver.cluster - Setting max election id to 7fffffff0000000000000004 from replica set primary ac-h0lbzck-shard-00-02.ekudnka.mongodb.net:27017
01:47:58.841 [cluster-ClusterId{value='688bcf751a08244152d8aa80', description='null'}-ac-h0lbzck-shard-00-02.ekudnka.mongodb.net:27017] INFO  org.mongodb.driver.cluster - Setting max set version to 1 from replica set primary ac-h0lbzck-shard-00-02.ekudnka.mongodb.net:27017
01:47:58.841 [cluster-ClusterId{value='688bcf751a08244152d8aa80', description='null'}-ac-h0lbzck-shard-00-02.ekudnka.mongodb.net:27017] INFO  org.mongodb.driver.cluster - Discovered replica set primary ac-h0lbzck-shard-00-02.ekudnka.mongodb.net:27017
01:47:59.200 [main] INFO  org.mongodb.driver.connection - Opened connection [connectionId{localValue:7, serverValue:30041}] to ac-h0lbzck-shard-00-02.ekudnka.mongodb.net:27017
01:47:59.478 [main] INFO  o.s.s.web.DefaultSecurityFilterChain - Will secure any request with [org.springframework.security.web.session.DisableEncodeUrlFilter@3ca3648, org.springframework.security.web.context.request.async.WebAsyncManagerIntegrationFilter@2a99ca99, org.springframework.security.web.context.SecurityContextPersistenceFilter@66713605, org.springframework.security.web.header.HeaderWriterFilter@5403907, org.springframework.security.web.authentication.logout.LogoutFilter@7761e342, org.springframework.security.web.authentication.www.BasicAuthenticationFilter@342beaf6, org.springframework.security.web.savedrequest.RequestCacheAwareFilter@7d50f2a8, org.springframework.security.web.servletapi.SecurityContextHolderAwareRequestFilter@7b297740, org.springframework.security.web.authentication.AnonymousAuthenticationFilter@39f0c343, org.springframework.security.web.session.SessionManagementFilter@2c7c0e36, org.springframework.security.web.access.ExceptionTranslationFilter@7dbae40, org.springframework.security.web.access.intercept.AuthorizationFilter@774d8276]
01:47:59.731 [main] INFO  o.a.coyote.http11.Http11NioProtocol - Starting ProtocolHandler ["http-nio-8081"]
01:47:59.749 [main] INFO  o.s.b.w.e.tomcat.TomcatWebServer - Tomcat started on port(s): 8081 (http) with context path '/journal'
01:47:59.760 [main] INFO  n.e.journalApp.JournalApplication - Started JournalApplication in 3.557 seconds (JVM running for 3.911)
01:50:15.114 [http-nio-8081-exec-2] INFO  o.a.c.c.C.[.[localhost].[/journal] - Initializing Spring DispatcherServlet 'dispatcherServlet'
01:50:15.115 [http-nio-8081-exec-2] INFO  o.s.web.servlet.DispatcherServlet - Initializing Servlet 'dispatcherServlet'
01:50:15.115 [http-nio-8081-exec-2] INFO  o.s.web.servlet.DispatcherServlet - Completed initialization in 0 ms
01:50:15.465 [http-nio-8081-exec-2] ERROR n.e.journalApp.service.UserService - HAHAHAHAHHA
01:50:15.465 [http-nio-8081-exec-2] WARN  n.e.journalApp.service.UserService - hhjhjhjhjjhjjh
01:50:15.466 [http-nio-8081-exec-2] INFO  n.e.journalApp.service.UserService - ttrtrtrtrtrtrtrtr
01:54:00.898 [main] INFO  n.e.journalApp.JournalApplication - Starting JournalApplication using Java 24 on Krishna with PID 14768 (C:\Users\krish\OneDrive\Desktop\journalApp\target\classes started by krish in C:\Users\krish\OneDrive\Desktop\journalApp) 
01:54:00.901 [main] INFO  n.e.journalApp.JournalApplication - The following 1 profile is active: "prod" 
01:54:01.462 [main] INFO  o.s.d.r.c.RepositoryConfigurationDelegate - Bootstrapping Spring Data MongoDB repositories in DEFAULT mode. 
01:54:01.553 [main] INFO  o.s.d.r.c.RepositoryConfigurationDelegate - Finished Spring Data repository scanning in 85 ms. Found 2 MongoDB repository interfaces. 
01:54:02.126 [main] INFO  o.s.b.w.e.tomcat.TomcatWebServer - Tomcat initialized with port(s): 8081 (http) 
01:54:02.133 [main] INFO  o.a.coyote.http11.Http11NioProtocol - Initializing ProtocolHandler ["http-nio-8081"] 
01:54:02.136 [main] INFO  o.a.catalina.core.StandardService - Starting service [Tomcat] 
01:54:02.136 [main] INFO  o.a.catalina.core.StandardEngine - Starting Servlet engine: [Apache Tomcat/9.0.80] 
01:54:02.220 [main] INFO  o.a.c.c.C.[.[localhost].[/journal] - Initializing Spring embedded WebApplicationContext 
01:54:02.220 [main] INFO  o.s.b.w.s.c.ServletWebServerApplicationContext - Root WebApplicationContext: initialization completed in 1252 ms 
01:54:02.713 [main] INFO  org.mongodb.driver.client - MongoClient with metadata {"driver": {"name": "mongo-java-driver|sync|spring-boot", "version": "4.6.1"}, "os": {"type": "Windows", "name": "Windows 11", "architecture": "amd64", "version": "10.0"}, "platform": "Java/Oracle Corporation/24+36-3646", "application": {"name": "Cluster0"}} created with settings MongoClientSettings{readPreference=primary, writeConcern=WriteConcern{w=majority, wTimeout=null ms, journal=null}, retryWrites=true, retryReads=true, readConcern=ReadConcern{level=null}, credential=MongoCredential{mechanism=null, userName='mekrishnamandal', source='admin', password=<hidden>, mechanismProperties=<hidden>}, streamFactoryFactory=null, commandListeners=[], codecRegistry=ProvidersCodecRegistry{codecProviders=[ValueCodecProvider{}, BsonValueCodecProvider{}, DBRefCodecProvider{}, DBObjectCodecProvider{}, DocumentCodecProvider{}, IterableCodecProvider{}, MapCodecProvider{}, GeoJsonCodecProvider{}, GridFSFileCodecProvider{}, Jsr310CodecProvider{}, JsonObjectCodecProvider{}, BsonCodecProvider{}, EnumCodecProvider{}, com.mongodb.Jep395RecordCodecProvider@502a4156]}, clusterSettings={hosts=[127.0.0.1:27017], srvHost=cluster0.ekudnka.mongodb.net, srvServiceName=mongodb, mode=MULTIPLE, requiredClusterType=REPLICA_SET, requiredReplicaSetName='atlas-vj3qvy-shard-0', serverSelector='null', clusterListeners='[]', serverSelectionTimeout='30000 ms', localThreshold='30000 ms'}, socketSettings=SocketSettings{connectTimeoutMS=10000, readTimeoutMS=0, receiveBufferSize=0, sendBufferSize=0}, heartbeatSocketSettings=SocketSettings{connectTimeoutMS=10000, readTimeoutMS=10000, receiveBufferSize=0, sendBufferSize=0}, connectionPoolSettings=ConnectionPoolSettings{maxSize=100, minSize=0, maxWaitTimeMS=120000, maxConnectionLifeTimeMS=0, maxConnectionIdleTimeMS=0, maintenanceInitialDelayMS=0, maintenanceFrequencyMS=60000, connectionPoolListeners=[], maxConnecting=2}, serverSettings=ServerSettings{heartbeatFrequencyMS=10000, minHeartbeatFrequencyMS=500, serverListeners='[]', serverMonitorListeners='[]'}, sslSettings=SslSettings{enabled=true, invalidHostNameAllowed=false, context=null}, applicationName='Cluster0', compressorList=[], uuidRepresentation=JAVA_LEGACY, serverApi=null, autoEncryptionSettings=null, contextProvider=null} 
01:54:02.931 [cluster-ClusterId{value='688bd0e2a6127074617d9c99', description='null'}-srv-cluster0.ekudnka.mongodb.net] INFO  org.mongodb.driver.cluster - Adding discovered server ac-h0lbzck-shard-00-00.ekudnka.mongodb.net:27017 to client view of cluster 
01:54:02.941 [main] INFO  org.mongodb.driver.cluster - Cluster description not yet available. Waiting for 30000 ms before timing out 
01:54:02.946 [cluster-ClusterId{value='688bd0e2a6127074617d9c99', description='null'}-srv-cluster0.ekudnka.mongodb.net] INFO  org.mongodb.driver.cluster - Adding discovered server ac-h0lbzck-shard-00-01.ekudnka.mongodb.net:27017 to client view of cluster 
01:54:02.946 [cluster-ClusterId{value='688bd0e2a6127074617d9c99', description='null'}-srv-cluster0.ekudnka.mongodb.net] INFO  org.mongodb.driver.cluster - Adding discovered server ac-h0lbzck-shard-00-02.ekudnka.mongodb.net:27017 to client view of cluster 
01:54:02.949 [main] INFO  org.mongodb.driver.cluster - No server chosen by com.mongodb.client.internal.MongoClientDelegate$1@2e71240b from cluster description ClusterDescription{type=REPLICA_SET, connectionMode=MULTIPLE, serverDescriptions=[ServerDescription{address=ac-h0lbzck-shard-00-02.ekudnka.mongodb.net:27017, type=UNKNOWN, state=CONNECTING}, ServerDescription{address=ac-h0lbzck-shard-00-00.ekudnka.mongodb.net:27017, type=UNKNOWN, state=CONNECTING}, ServerDescription{address=ac-h0lbzck-shard-00-01.ekudnka.mongodb.net:27017, type=UNKNOWN, state=CONNECTING}]}. Waiting for 30000 ms before timing out 
01:54:03.679 [cluster-ClusterId{value='688bd0e2a6127074617d9c99', description='null'}-ac-h0lbzck-shard-00-01.ekudnka.mongodb.net:27017] INFO  org.mongodb.driver.connection - Opened connection [connectionId{localValue:3, serverValue:28431}] to ac-h0lbzck-shard-00-01.ekudnka.mongodb.net:27017 
01:54:03.679 [cluster-ClusterId{value='688bd0e2a6127074617d9c99', description='null'}-ac-h0lbzck-shard-00-00.ekudnka.mongodb.net:27017] INFO  org.mongodb.driver.connection - Opened connection [connectionId{localValue:1, serverValue:28617}] to ac-h0lbzck-shard-00-00.ekudnka.mongodb.net:27017 
01:54:03.679 [cluster-rtt-ClusterId{value='688bd0e2a6127074617d9c99', description='null'}-ac-h0lbzck-shard-00-00.ekudnka.mongodb.net:27017] INFO  org.mongodb.driver.connection - Opened connection [connectionId{localValue:4, serverValue:28617}] to ac-h0lbzck-shard-00-00.ekudnka.mongodb.net:27017 
01:54:03.679 [cluster-rtt-ClusterId{value='688bd0e2a6127074617d9c99', description='null'}-ac-h0lbzck-shard-00-01.ekudnka.mongodb.net:27017] INFO  org.mongodb.driver.connection - Opened connection [connectionId{localValue:6, serverValue:28431}] to ac-h0lbzck-shard-00-01.ekudnka.mongodb.net:27017 
01:54:03.679 [cluster-ClusterId{value='688bd0e2a6127074617d9c99', description='null'}-ac-h0lbzck-shard-00-02.ekudnka.mongodb.net:27017] INFO  org.mongodb.driver.connection - Opened connection [connectionId{localValue:5, serverValue:30124}] to ac-h0lbzck-shard-00-02.ekudnka.mongodb.net:27017 
01:54:03.679 [cluster-rtt-ClusterId{value='688bd0e2a6127074617d9c99', description='null'}-ac-h0lbzck-shard-00-02.ekudnka.mongodb.net:27017] INFO  org.mongodb.driver.connection - Opened connection [connectionId{localValue:2, serverValue:30124}] to ac-h0lbzck-shard-00-02.ekudnka.mongodb.net:27017 
01:54:03.680 [cluster-ClusterId{value='688bd0e2a6127074617d9c99', description='null'}-ac-h0lbzck-shard-00-01.ekudnka.mongodb.net:27017] INFO  org.mongodb.driver.cluster - Monitor thread successfully connected to server with description ServerDescription{address=ac-h0lbzck-shard-00-01.ekudnka.mongodb.net:27017, type=REPLICA_SET_SECONDARY, state=CONNECTED, ok=true, minWireVersion=0, maxWireVersion=25, maxDocumentSize=16777216, logicalSessionTimeoutMinutes=30, roundTripTimeNanos=345615900, setName='atlas-vj3qvy-shard-0', canonicalAddress=ac-h0lbzck-shard-00-01.ekudnka.mongodb.net:27017, hosts=[ac-h0lbzck-shard-00-00.ekudnka.mongodb.net:27017, ac-h0lbzck-shard-00-02.ekudnka.mongodb.net:27017, ac-h0lbzck-shard-00-01.ekudnka.mongodb.net:27017], passives=[], arbiters=[], primary='ac-h0lbzck-shard-00-02.ekudnka.mongodb.net:27017', tagSet=TagSet{[Tag{name='availabilityZone', value='aps1-az3'}, Tag{name='diskState', value='READY'}, Tag{name='nodeType', value='ELECTABLE'}, Tag{name='provider', value='AWS'}, Tag{name='region', value='AP_SOUTH_1'}, Tag{name='workloadType', value='OPERATIONAL'}]}, electionId=null, setVersion=1, topologyVersion=TopologyVersion{processId=688a34a9564b2a6c6352a411, counter=3}, lastWriteDate=Fri Aug 01 01:54:00 IST 2025, lastUpdateTimeNanos=202865007628800} 
01:54:03.680 [cluster-ClusterId{value='688bd0e2a6127074617d9c99', description='null'}-ac-h0lbzck-shard-00-02.ekudnka.mongodb.net:27017] INFO  org.mongodb.driver.cluster - Monitor thread successfully connected to server with description ServerDescription{address=ac-h0lbzck-shard-00-02.ekudnka.mongodb.net:27017, type=REPLICA_SET_PRIMARY, state=CONNECTED, ok=true, minWireVersion=0, maxWireVersion=25, maxDocumentSize=16777216, logicalSessionTimeoutMinutes=30, roundTripTimeNanos=309255500, setName='atlas-vj3qvy-shard-0', canonicalAddress=ac-h0lbzck-shard-00-02.ekudnka.mongodb.net:27017, hosts=[ac-h0lbzck-shard-00-00.ekudnka.mongodb.net:27017, ac-h0lbzck-shard-00-02.ekudnka.mongodb.net:27017, ac-h0lbzck-shard-00-01.ekudnka.mongodb.net:27017], passives=[], arbiters=[], primary='ac-h0lbzck-shard-00-02.ekudnka.mongodb.net:27017', tagSet=TagSet{[Tag{name='availabilityZone', value='aps1-az2'}, Tag{name='diskState', value='READY'}, Tag{name='nodeType', value='ELECTABLE'}, Tag{name='provider', value='AWS'}, Tag{name='region', value='AP_SOUTH_1'}, Tag{name='workloadType', value='OPERATIONAL'}]}, electionId=7fffffff0000000000000004, setVersion=1, topologyVersion=TopologyVersion{processId=688a34734652c52c2ec50a6f, counter=6}, lastWriteDate=Fri Aug 01 01:54:00 IST 2025, lastUpdateTimeNanos=202865007629000} 
01:54:03.680 [cluster-ClusterId{value='688bd0e2a6127074617d9c99', description='null'}-ac-h0lbzck-shard-00-00.ekudnka.mongodb.net:27017] INFO  org.mongodb.driver.cluster - Monitor thread successfully connected to server with description ServerDescription{address=ac-h0lbzck-shard-00-00.ekudnka.mongodb.net:27017, type=REPLICA_SET_SECONDARY, state=CONNECTED, ok=true, minWireVersion=0, maxWireVersion=25, maxDocumentSize=16777216, logicalSessionTimeoutMinutes=30, roundTripTimeNanos=310936700, setName='atlas-vj3qvy-shard-0', canonicalAddress=ac-h0lbzck-shard-00-00.ekudnka.mongodb.net:27017, hosts=[ac-h0lbzck-shard-00-00.ekudnka.mongodb.net:27017, ac-h0lbzck-shard-00-02.ekudnka.mongodb.net:27017, ac-h0lbzck-shard-00-01.ekudnka.mongodb.net:27017], passives=[], arbiters=[], primary='ac-h0lbzck-shard-00-02.ekudnka.mongodb.net:27017', tagSet=TagSet{[Tag{name='availabilityZone', value='aps1-az1'}, Tag{name='diskState', value='READY'}, Tag{name='nodeType', value='ELECTABLE'}, Tag{name='provider', value='AWS'}, Tag{name='region', value='AP_SOUTH_1'}, Tag{name='workloadType', value='OPERATIONAL'}]}, electionId=null, setVersion=1, topologyVersion=TopologyVersion{processId=688a343e9e8d50aa3bef0ccd, counter=4}, lastWriteDate=Fri Aug 01 01:54:00 IST 2025, lastUpdateTimeNanos=202865007629100} 
01:54:03.685 [cluster-ClusterId{value='688bd0e2a6127074617d9c99', description='null'}-ac-h0lbzck-shard-00-02.ekudnka.mongodb.net:27017] INFO  org.mongodb.driver.cluster - Setting max election id to 7fffffff0000000000000004 from replica set primary ac-h0lbzck-shard-00-02.ekudnka.mongodb.net:27017 
01:54:03.685 [cluster-ClusterId{value='688bd0e2a6127074617d9c99', description='null'}-ac-h0lbzck-shard-00-02.ekudnka.mongodb.net:27017] INFO  org.mongodb.driver.cluster - Setting max set version to 1 from replica set primary ac-h0lbzck-shard-00-02.ekudnka.mongodb.net:27017 
01:54:03.685 [cluster-ClusterId{value='688bd0e2a6127074617d9c99', description='null'}-ac-h0lbzck-shard-00-02.ekudnka.mongodb.net:27017] INFO  org.mongodb.driver.cluster - Discovered replica set primary ac-h0lbzck-shard-00-02.ekudnka.mongodb.net:27017 
01:54:04.032 [main] INFO  org.mongodb.driver.connection - Opened connection [connectionId{localValue:7, serverValue:30126}] to ac-h0lbzck-shard-00-02.ekudnka.mongodb.net:27017 
01:54:04.397 [main] INFO  o.s.s.web.DefaultSecurityFilterChain - Will secure any request with [org.springframework.security.web.session.DisableEncodeUrlFilter@76a9a009, org.springframework.security.web.context.request.async.WebAsyncManagerIntegrationFilter@9785903, org.springframework.security.web.context.SecurityContextPersistenceFilter@5403907, org.springframework.security.web.header.HeaderWriterFilter@1e495414, org.springframework.security.web.authentication.logout.LogoutFilter@4ee8051c, org.springframework.security.web.authentication.www.BasicAuthenticationFilter@2f4d32bf, org.springframework.security.web.savedrequest.RequestCacheAwareFilter@b06d46d, org.springframework.security.web.servletapi.SecurityContextHolderAwareRequestFilter@597d48ca, org.springframework.security.web.authentication.AnonymousAuthenticationFilter@34009349, org.springframework.security.web.session.SessionManagementFilter@18a98913, org.springframework.security.web.access.ExceptionTranslationFilter@22a4ca4a, org.springframework.security.web.access.intercept.AuthorizationFilter@1693ff90] 
01:54:04.691 [main] INFO  o.a.coyote.http11.Http11NioProtocol - Starting ProtocolHandler ["http-nio-8081"] 
01:54:04.707 [main] INFO  o.s.b.w.e.tomcat.TomcatWebServer - Tomcat started on port(s): 8081 (http) with context path '/journal' 
01:54:04.716 [main] INFO  n.e.journalApp.JournalApplication - Started JournalApplication in 4.19 seconds (JVM running for 4.645) 
02:02:49.081 [main] ERROR o.s.boot.SpringApplication - Application run failed 
java.lang.IllegalStateException: java.lang.IllegalStateException: Logback configuration error detected: 
ERROR in ch.qos.logback.core.rolling.RollingFileAppender[myFileAppender] - File property must be set before any triggeringPolicy or rollingPolicy properties
ERROR in ch.qos.logback.core.rolling.RollingFileAppender[myFileAppender] - For more information, please visit http://logback.qos.ch/codes.html#rfa_file_after
	at org.springframework.boot.context.logging.LoggingApplicationListener.initializeSystem(LoggingApplicationListener.java:344)
	at org.springframework.boot.context.logging.LoggingApplicationListener.initialize(LoggingApplicationListener.java:298)
	at org.springframework.boot.context.logging.LoggingApplicationListener.onApplicationEnvironmentPreparedEvent(LoggingApplicationListener.java:246)
	at org.springframework.boot.context.logging.LoggingApplicationListener.onApplicationEvent(LoggingApplicationListener.java:223)
	at org.springframework.context.event.SimpleApplicationEventMulticaster.doInvokeListener(SimpleApplicationEventMulticaster.java:178)
	at org.springframework.context.event.SimpleApplicationEventMulticaster.invokeListener(SimpleApplicationEventMulticaster.java:171)
	at org.springframework.context.event.SimpleApplicationEventMulticaster.multicastEvent(SimpleApplicationEventMulticaster.java:145)
	at org.springframework.context.event.SimpleApplicationEventMulticaster.multicastEvent(SimpleApplicationEventMulticaster.java:133)
	at org.springframework.boot.context.event.EventPublishingRunListener.environmentPrepared(EventPublishingRunListener.java:85)
	at org.springframework.boot.SpringApplicationRunListeners.lambda$environmentPrepared$2(SpringApplicationRunListeners.java:66)
	at java.base/java.util.ArrayList.forEach(ArrayList.java:1604)
	at org.springframework.boot.SpringApplicationRunListeners.doWithListeners(SpringApplicationRunListeners.java:120)
	at org.springframework.boot.SpringApplicationRunListeners.doWithListeners(SpringApplicationRunListeners.java:114)
	at org.springframework.boot.SpringApplicationRunListeners.environmentPrepared(SpringApplicationRunListeners.java:65)
	at org.springframework.boot.SpringApplication.prepareEnvironment(SpringApplication.java:343)
	at org.springframework.boot.SpringApplication.run(SpringApplication.java:301)
	at org.springframework.boot.SpringApplication.run(SpringApplication.java:1303)
	at org.springframework.boot.SpringApplication.run(SpringApplication.java:1292)
	at net.engineeringdigest.journalApp.JournalApplication.main(JournalApplication.java:18)
Caused by: java.lang.IllegalStateException: Logback configuration error detected: 
ERROR in ch.qos.logback.core.rolling.RollingFileAppender[myFileAppender] - File property must be set before any triggeringPolicy or rollingPolicy properties
ERROR in ch.qos.logback.core.rolling.RollingFileAppender[myFileAppender] - For more information, please visit http://logback.qos.ch/codes.html#rfa_file_after
	at org.springframework.boot.logging.logback.LogbackLoggingSystem.reportConfigurationErrorsIfNecessary(LogbackLoggingSystem.java:189)
	at org.springframework.boot.logging.logback.LogbackLoggingSystem.loadConfiguration(LogbackLoggingSystem.java:170)
	at org.springframework.boot.logging.logback.LogbackLoggingSystem.reinitialize(LogbackLoggingSystem.java:243)
	at org.springframework.boot.logging.AbstractLoggingSystem.initializeWithConventions(AbstractLoggingSystem.java:73)
	at org.springframework.boot.logging.AbstractLoggingSystem.initialize(AbstractLoggingSystem.java:60)
	at org.springframework.boot.logging.logback.LogbackLoggingSystem.initialize(LogbackLoggingSystem.java:132)
	at org.springframework.boot.context.logging.LoggingApplicationListener.initializeSystem(LoggingApplicationListener.java:329)
	... 18 common frames omitted
